<?xml version="1.0" encoding="UTF-8"?>
<!-- Generated by org.testng.reporters.JUnitReportReporter -->
<testsuite hostname="DESKTOP-DQR2UV6" failures="0" tests="1" name="com.example.KatalonAut.Test2" time="12.833" errors="0" timestamp="20 Jun 2023 19:40:00 GMT" skipped="0">
  <testcase classname="com.example.KatalonAut.Test2" name="test2" time="12.833"/>
</testsuite> <!-- com.example.KatalonAut.Test2 -->
