<?xml version="1.0" encoding="UTF-8"?>
<!-- Generated by org.testng.reporters.JUnitReportReporter -->
<testsuite hostname="madhur" failures="0" tests="1" name="com.example.KatalonAut.Test1" time="25.415" errors="0" timestamp="01 Jul 2023 21:41:35 GMT" skipped="0">
  <testcase classname="com.example.KatalonAut.Test1" name="test1" time="25.415"/>
</testsuite> <!-- com.example.KatalonAut.Test1 -->
