<?xml version="1.0" encoding="UTF-8"?>
<!-- Generated by org.testng.reporters.JUnitReportReporter -->
<testsuite hostname="madhur" failures="0" tests="1" name="com.example.KatalonAut.Test2" time="26.126" errors="0" timestamp="01 Jul 2023 21:41:35 GMT" skipped="0">
  <testcase classname="com.example.KatalonAut.Test2" name="test2" time="26.126"/>
</testsuite> <!-- com.example.KatalonAut.Test2 -->
